<?xml version="1.0" encoding="UTF-8"?>
<testng-results ignored="0" total="9" passed="9" failed="0" skipped="0">
  <reporter-output>
  </reporter-output>
  <suite started-at="2024-06-11T13:33:12 GMT" name="vendor-portal" finished-at="2024-06-11T13:33:24 GMT" duration-ms="11790">
    <groups>
    </groups>
    <test started-at="2024-06-11T13:33:12 GMT" name="user-sam" finished-at="2024-06-11T13:33:23 GMT" duration-ms="11391">
      <class name="com.pratikbhusari.tests.vendorportal.VendorPortalTest">
        <test-method is-config="true" signature="setDriver(org.testng.ITestContext)[pri:0, instance:com.pratikbhusari.tests.vendorportal.VendorPortalTest@12299890]" started-at="2024-06-11T13:33:12 GMT" name="setDriver" finished-at="2024-06-11T13:33:16 GMT" duration-ms="3702" status="PASS">
          <params>
            <param index="0">
              <value>
                <![CDATA[org.testng.TestRunner@3bd323e9]]>
              </value>
            </param>
          </params>
          <reporter-output>
          </reporter-output>
        </test-method> <!-- setDriver -->
        <test-method is-config="true" signature="setPageObjects(java.lang.String)[pri:0, instance:com.pratikbhusari.tests.vendorportal.VendorPortalTest@12299890]" started-at="2024-06-11T13:33:16 GMT" name="setPageObjects" finished-at="2024-06-11T13:33:16 GMT" depends-on-methods="com.pratikbhusari.tests.AbstractTest.setDriver" duration-ms="440" status="PASS">
          <params>
            <param index="0">
              <value>
                <![CDATA[test-data/vendor-portal/sam.json]]>
              </value>
            </param>
          </params>
          <reporter-output>
          </reporter-output>
        </test-method> <!-- setPageObjects -->
        <test-method signature="loginTest()[pri:0, instance:com.pratikbhusari.tests.vendorportal.VendorPortalTest@12299890]" started-at="2024-06-11T13:33:16 GMT" name="loginTest" finished-at="2024-06-11T13:33:18 GMT" duration-ms="1986" status="PASS">
          <reporter-output>
          </reporter-output>
        </test-method> <!-- loginTest -->
        <test-method signature="dashboardTest()[pri:0, instance:com.pratikbhusari.tests.vendorportal.VendorPortalTest@12299890]" started-at="2024-06-11T13:33:18 GMT" name="dashboardTest" finished-at="2024-06-11T13:33:21 GMT" depends-on-methods="com.pratikbhusari.tests.vendorportal.VendorPortalTest.loginTest" duration-ms="2885" status="PASS">
          <reporter-output>
          </reporter-output>
        </test-method> <!-- dashboardTest -->
        <test-method signature="logoutTest()[pri:0, instance:com.pratikbhusari.tests.vendorportal.VendorPortalTest@12299890]" started-at="2024-06-11T13:33:21 GMT" name="logoutTest" finished-at="2024-06-11T13:33:23 GMT" depends-on-methods="com.pratikbhusari.tests.vendorportal.VendorPortalTest.dashboardTest" duration-ms="2201" status="PASS">
          <reporter-output>
          </reporter-output>
        </test-method> <!-- logoutTest -->
        <test-method is-config="true" signature="quitDriver()[pri:0, instance:com.pratikbhusari.tests.vendorportal.VendorPortalTest@12299890]" started-at="2024-06-11T13:33:23 GMT" name="quitDriver" finished-at="2024-06-11T13:33:23 GMT" duration-ms="123" status="PASS">
          <reporter-output>
          </reporter-output>
        </test-method> <!-- quitDriver -->
      </class> <!-- com.pratikbhusari.tests.vendorportal.VendorPortalTest -->
    </test> <!-- user-sam -->
    <test started-at="2024-06-11T13:33:12 GMT" name="user-john" finished-at="2024-06-11T13:33:24 GMT" duration-ms="11687">
      <class name="com.pratikbhusari.tests.vendorportal.VendorPortalTest">
        <test-method is-config="true" signature="setupConfig()[pri:0, instance:com.pratikbhusari.tests.vendorportal.VendorPortalTest@6e15fe2]" started-at="2024-06-11T13:33:12 GMT" name="setupConfig" finished-at="2024-06-11T13:33:12 GMT" duration-ms="74" status="PASS">
          <reporter-output>
          </reporter-output>
        </test-method> <!-- setupConfig -->
        <test-method is-config="true" signature="setDriver(org.testng.ITestContext)[pri:0, instance:com.pratikbhusari.tests.vendorportal.VendorPortalTest@6e15fe2]" started-at="2024-06-11T13:33:12 GMT" name="setDriver" finished-at="2024-06-11T13:33:16 GMT" duration-ms="3706" status="PASS">
          <params>
            <param index="0">
              <value>
                <![CDATA[org.testng.TestRunner@c7ba306]]>
              </value>
            </param>
          </params>
          <reporter-output>
          </reporter-output>
        </test-method> <!-- setDriver -->
        <test-method is-config="true" signature="setPageObjects(java.lang.String)[pri:0, instance:com.pratikbhusari.tests.vendorportal.VendorPortalTest@6e15fe2]" started-at="2024-06-11T13:33:16 GMT" name="setPageObjects" finished-at="2024-06-11T13:33:16 GMT" depends-on-methods="com.pratikbhusari.tests.AbstractTest.setDriver" duration-ms="436" status="PASS">
          <params>
            <param index="0">
              <value>
                <![CDATA[test-data/vendor-portal/john.json]]>
              </value>
            </param>
          </params>
          <reporter-output>
          </reporter-output>
        </test-method> <!-- setPageObjects -->
        <test-method signature="loginTest()[pri:0, instance:com.pratikbhusari.tests.vendorportal.VendorPortalTest@6e15fe2]" started-at="2024-06-11T13:33:16 GMT" name="loginTest" finished-at="2024-06-11T13:33:18 GMT" duration-ms="1975" status="PASS">
          <reporter-output>
          </reporter-output>
        </test-method> <!-- loginTest -->
        <test-method signature="dashboardTest()[pri:0, instance:com.pratikbhusari.tests.vendorportal.VendorPortalTest@6e15fe2]" started-at="2024-06-11T13:33:18 GMT" name="dashboardTest" finished-at="2024-06-11T13:33:21 GMT" depends-on-methods="com.pratikbhusari.tests.vendorportal.VendorPortalTest.loginTest" duration-ms="3157" status="PASS">
          <reporter-output>
          </reporter-output>
        </test-method> <!-- dashboardTest -->
        <test-method signature="logoutTest()[pri:0, instance:com.pratikbhusari.tests.vendorportal.VendorPortalTest@6e15fe2]" started-at="2024-06-11T13:33:21 GMT" name="logoutTest" finished-at="2024-06-11T13:33:24 GMT" depends-on-methods="com.pratikbhusari.tests.vendorportal.VendorPortalTest.dashboardTest" duration-ms="2239" status="PASS">
          <reporter-output>
          </reporter-output>
        </test-method> <!-- logoutTest -->
        <test-method is-config="true" signature="quitDriver()[pri:0, instance:com.pratikbhusari.tests.vendorportal.VendorPortalTest@6e15fe2]" started-at="2024-06-11T13:33:24 GMT" name="quitDriver" finished-at="2024-06-11T13:33:24 GMT" duration-ms="117" status="PASS">
          <reporter-output>
          </reporter-output>
        </test-method> <!-- quitDriver -->
      </class> <!-- com.pratikbhusari.tests.vendorportal.VendorPortalTest -->
    </test> <!-- user-john -->
    <test started-at="2024-06-11T13:33:12 GMT" name="user-mike" finished-at="2024-06-11T13:33:24 GMT" duration-ms="11787">
      <class name="com.pratikbhusari.tests.vendorportal.VendorPortalTest">
        <test-method is-config="true" signature="setDriver(org.testng.ITestContext)[pri:0, instance:com.pratikbhusari.tests.vendorportal.VendorPortalTest@4167d97b]" started-at="2024-06-11T13:33:12 GMT" name="setDriver" finished-at="2024-06-11T13:33:16 GMT" duration-ms="3702" status="PASS">
          <params>
            <param index="0">
              <value>
                <![CDATA[org.testng.TestRunner@39ac0c0a]]>
              </value>
            </param>
          </params>
          <reporter-output>
          </reporter-output>
        </test-method> <!-- setDriver -->
        <test-method is-config="true" signature="setPageObjects(java.lang.String)[pri:0, instance:com.pratikbhusari.tests.vendorportal.VendorPortalTest@4167d97b]" started-at="2024-06-11T13:33:16 GMT" name="setPageObjects" finished-at="2024-06-11T13:33:16 GMT" depends-on-methods="com.pratikbhusari.tests.AbstractTest.setDriver" duration-ms="441" status="PASS">
          <params>
            <param index="0">
              <value>
                <![CDATA[test-data/vendor-portal/mike.json]]>
              </value>
            </param>
          </params>
          <reporter-output>
          </reporter-output>
        </test-method> <!-- setPageObjects -->
        <test-method signature="loginTest()[pri:0, instance:com.pratikbhusari.tests.vendorportal.VendorPortalTest@4167d97b]" started-at="2024-06-11T13:33:16 GMT" name="loginTest" finished-at="2024-06-11T13:33:18 GMT" duration-ms="2174" status="PASS">
          <reporter-output>
          </reporter-output>
        </test-method> <!-- loginTest -->
        <test-method signature="dashboardTest()[pri:0, instance:com.pratikbhusari.tests.vendorportal.VendorPortalTest@4167d97b]" started-at="2024-06-11T13:33:18 GMT" name="dashboardTest" finished-at="2024-06-11T13:33:21 GMT" depends-on-methods="com.pratikbhusari.tests.vendorportal.VendorPortalTest.loginTest" duration-ms="2969" status="PASS">
          <reporter-output>
          </reporter-output>
        </test-method> <!-- dashboardTest -->
        <test-method signature="logoutTest()[pri:0, instance:com.pratikbhusari.tests.vendorportal.VendorPortalTest@4167d97b]" started-at="2024-06-11T13:33:21 GMT" name="logoutTest" finished-at="2024-06-11T13:33:24 GMT" depends-on-methods="com.pratikbhusari.tests.vendorportal.VendorPortalTest.dashboardTest" duration-ms="2279" status="PASS">
          <reporter-output>
          </reporter-output>
        </test-method> <!-- logoutTest -->
        <test-method is-config="true" signature="quitDriver()[pri:0, instance:com.pratikbhusari.tests.vendorportal.VendorPortalTest@4167d97b]" started-at="2024-06-11T13:33:24 GMT" name="quitDriver" finished-at="2024-06-11T13:33:24 GMT" duration-ms="174" status="PASS">
          <reporter-output>
          </reporter-output>
        </test-method> <!-- quitDriver -->
      </class> <!-- com.pratikbhusari.tests.vendorportal.VendorPortalTest -->
    </test> <!-- user-mike -->
  </suite> <!-- vendor-portal -->
</testng-results>
