<?xml version="1.0" encoding="UTF-8"?>
<testng-results ignored="0" total="9" passed="9" failed="0" skipped="0">
  <reporter-output>
  </reporter-output>
  <suite started-at="2024-06-11T11:52:37 GMT" name="vendor-portal" finished-at="2024-06-11T11:52:47 GMT" duration-ms="9526">
    <groups>
    </groups>
    <test started-at="2024-06-11T11:52:37 GMT" name="user-john" finished-at="2024-06-11T11:52:45 GMT" duration-ms="8161">
      <class name="com.pratikbhusari.tests.vendorportal.VendorPortalTest">
        <test-method is-config="true" signature="setupConfig()[pri:0, instance:com.pratikbhusari.tests.vendorportal.VendorPortalTest@58594a11]" started-at="2024-06-11T11:52:37 GMT" name="setupConfig" finished-at="2024-06-11T11:52:37 GMT" duration-ms="14" status="PASS">
          <reporter-output>
          </reporter-output>
        </test-method> <!-- setupConfig -->
        <test-method is-config="true" signature="setDriver(org.testng.ITestContext)[pri:0, instance:com.pratikbhusari.tests.vendorportal.VendorPortalTest@58594a11]" started-at="2024-06-11T11:52:37 GMT" name="setDriver" finished-at="2024-06-11T11:52:41 GMT" duration-ms="3620" status="PASS">
          <params>
            <param index="0">
              <value>
                <![CDATA[org.testng.TestRunner@1b75c2e3]]>
              </value>
            </param>
          </params>
          <reporter-output>
          </reporter-output>
        </test-method> <!-- setDriver -->
        <test-method is-config="true" signature="setPageObjects(java.lang.String)[pri:0, instance:com.pratikbhusari.tests.vendorportal.VendorPortalTest@58594a11]" started-at="2024-06-11T11:52:41 GMT" name="setPageObjects" finished-at="2024-06-11T11:52:41 GMT" depends-on-methods="com.pratikbhusari.tests.AbstractTest.setDriver" duration-ms="226" status="PASS">
          <params>
            <param index="0">
              <value>
                <![CDATA[test-data/vendor-portal/john.json]]>
              </value>
            </param>
          </params>
          <reporter-output>
          </reporter-output>
        </test-method> <!-- setPageObjects -->
        <test-method signature="loginTest()[pri:0, instance:com.pratikbhusari.tests.vendorportal.VendorPortalTest@58594a11]" started-at="2024-06-11T11:52:41 GMT" name="loginTest" finished-at="2024-06-11T11:52:42 GMT" duration-ms="1206" status="PASS">
          <reporter-output>
          </reporter-output>
        </test-method> <!-- loginTest -->
        <test-method signature="dashboardTest()[pri:0, instance:com.pratikbhusari.tests.vendorportal.VendorPortalTest@58594a11]" started-at="2024-06-11T11:52:42 GMT" name="dashboardTest" finished-at="2024-06-11T11:52:44 GMT" depends-on-methods="com.pratikbhusari.tests.vendorportal.VendorPortalTest.loginTest" duration-ms="1752" status="PASS">
          <reporter-output>
          </reporter-output>
        </test-method> <!-- dashboardTest -->
        <test-method signature="logoutTest()[pri:0, instance:com.pratikbhusari.tests.vendorportal.VendorPortalTest@58594a11]" started-at="2024-06-11T11:52:44 GMT" name="logoutTest" finished-at="2024-06-11T11:52:45 GMT" depends-on-methods="com.pratikbhusari.tests.vendorportal.VendorPortalTest.dashboardTest" duration-ms="1196" status="PASS">
          <reporter-output>
          </reporter-output>
        </test-method> <!-- logoutTest -->
        <test-method is-config="true" signature="quitDriver()[pri:0, instance:com.pratikbhusari.tests.vendorportal.VendorPortalTest@58594a11]" started-at="2024-06-11T11:52:45 GMT" name="quitDriver" finished-at="2024-06-11T11:52:45 GMT" duration-ms="130" status="PASS">
          <reporter-output>
          </reporter-output>
        </test-method> <!-- quitDriver -->
      </class> <!-- com.pratikbhusari.tests.vendorportal.VendorPortalTest -->
    </test> <!-- user-john -->
    <test started-at="2024-06-11T11:52:37 GMT" name="user-sam" finished-at="2024-06-11T11:52:47 GMT" duration-ms="9401">
      <class name="com.pratikbhusari.tests.vendorportal.VendorPortalTest">
        <test-method is-config="true" signature="setDriver(org.testng.ITestContext)[pri:0, instance:com.pratikbhusari.tests.vendorportal.VendorPortalTest@59e2d8e3]" started-at="2024-06-11T11:52:37 GMT" name="setDriver" finished-at="2024-06-11T11:52:41 GMT" duration-ms="3620" status="PASS">
          <params>
            <param index="0">
              <value>
                <![CDATA[org.testng.TestRunner@413f69cc]]>
              </value>
            </param>
          </params>
          <reporter-output>
          </reporter-output>
        </test-method> <!-- setDriver -->
        <test-method is-config="true" signature="setPageObjects(java.lang.String)[pri:0, instance:com.pratikbhusari.tests.vendorportal.VendorPortalTest@59e2d8e3]" started-at="2024-06-11T11:52:41 GMT" name="setPageObjects" finished-at="2024-06-11T11:52:41 GMT" depends-on-methods="com.pratikbhusari.tests.AbstractTest.setDriver" duration-ms="226" status="PASS">
          <params>
            <param index="0">
              <value>
                <![CDATA[test-data/vendor-portal/sam.json]]>
              </value>
            </param>
          </params>
          <reporter-output>
          </reporter-output>
        </test-method> <!-- setPageObjects -->
        <test-method signature="loginTest()[pri:0, instance:com.pratikbhusari.tests.vendorportal.VendorPortalTest@59e2d8e3]" started-at="2024-06-11T11:52:41 GMT" name="loginTest" finished-at="2024-06-11T11:52:42 GMT" duration-ms="1206" status="PASS">
          <reporter-output>
          </reporter-output>
        </test-method> <!-- loginTest -->
        <test-method signature="dashboardTest()[pri:0, instance:com.pratikbhusari.tests.vendorportal.VendorPortalTest@59e2d8e3]" started-at="2024-06-11T11:52:42 GMT" name="dashboardTest" finished-at="2024-06-11T11:52:45 GMT" depends-on-methods="com.pratikbhusari.tests.vendorportal.VendorPortalTest.loginTest" duration-ms="2931" status="PASS">
          <reporter-output>
          </reporter-output>
        </test-method> <!-- dashboardTest -->
        <test-method signature="logoutTest()[pri:0, instance:com.pratikbhusari.tests.vendorportal.VendorPortalTest@59e2d8e3]" started-at="2024-06-11T11:52:45 GMT" name="logoutTest" finished-at="2024-06-11T11:52:47 GMT" depends-on-methods="com.pratikbhusari.tests.vendorportal.VendorPortalTest.dashboardTest" duration-ms="1304" status="PASS">
          <reporter-output>
          </reporter-output>
        </test-method> <!-- logoutTest -->
        <test-method is-config="true" signature="quitDriver()[pri:0, instance:com.pratikbhusari.tests.vendorportal.VendorPortalTest@59e2d8e3]" started-at="2024-06-11T11:52:47 GMT" name="quitDriver" finished-at="2024-06-11T11:52:47 GMT" duration-ms="84" status="PASS">
          <reporter-output>
          </reporter-output>
        </test-method> <!-- quitDriver -->
      </class> <!-- com.pratikbhusari.tests.vendorportal.VendorPortalTest -->
    </test> <!-- user-sam -->
    <test started-at="2024-06-11T11:52:37 GMT" name="user-mike" finished-at="2024-06-11T11:52:47 GMT" duration-ms="9526">
      <class name="com.pratikbhusari.tests.vendorportal.VendorPortalTest">
        <test-method is-config="true" signature="setDriver(org.testng.ITestContext)[pri:0, instance:com.pratikbhusari.tests.vendorportal.VendorPortalTest@4f74980d]" started-at="2024-06-11T11:52:37 GMT" name="setDriver" finished-at="2024-06-11T11:52:41 GMT" duration-ms="3620" status="PASS">
          <params>
            <param index="0">
              <value>
                <![CDATA[org.testng.TestRunner@1f53a5dc]]>
              </value>
            </param>
          </params>
          <reporter-output>
          </reporter-output>
        </test-method> <!-- setDriver -->
        <test-method is-config="true" signature="setPageObjects(java.lang.String)[pri:0, instance:com.pratikbhusari.tests.vendorportal.VendorPortalTest@4f74980d]" started-at="2024-06-11T11:52:41 GMT" name="setPageObjects" finished-at="2024-06-11T11:52:41 GMT" depends-on-methods="com.pratikbhusari.tests.AbstractTest.setDriver" duration-ms="226" status="PASS">
          <params>
            <param index="0">
              <value>
                <![CDATA[test-data/vendor-portal/mike.json]]>
              </value>
            </param>
          </params>
          <reporter-output>
          </reporter-output>
        </test-method> <!-- setPageObjects -->
        <test-method signature="loginTest()[pri:0, instance:com.pratikbhusari.tests.vendorportal.VendorPortalTest@4f74980d]" started-at="2024-06-11T11:52:41 GMT" name="loginTest" finished-at="2024-06-11T11:52:42 GMT" duration-ms="1238" status="PASS">
          <reporter-output>
          </reporter-output>
        </test-method> <!-- loginTest -->
        <test-method signature="dashboardTest()[pri:0, instance:com.pratikbhusari.tests.vendorportal.VendorPortalTest@4f74980d]" started-at="2024-06-11T11:52:42 GMT" name="dashboardTest" finished-at="2024-06-11T11:52:45 GMT" depends-on-methods="com.pratikbhusari.tests.vendorportal.VendorPortalTest.loginTest" duration-ms="3029" status="PASS">
          <reporter-output>
          </reporter-output>
        </test-method> <!-- dashboardTest -->
        <test-method signature="logoutTest()[pri:0, instance:com.pratikbhusari.tests.vendorportal.VendorPortalTest@4f74980d]" started-at="2024-06-11T11:52:45 GMT" name="logoutTest" finished-at="2024-06-11T11:52:47 GMT" depends-on-methods="com.pratikbhusari.tests.vendorportal.VendorPortalTest.dashboardTest" duration-ms="1256" status="PASS">
          <reporter-output>
          </reporter-output>
        </test-method> <!-- logoutTest -->
        <test-method is-config="true" signature="quitDriver()[pri:0, instance:com.pratikbhusari.tests.vendorportal.VendorPortalTest@4f74980d]" started-at="2024-06-11T11:52:47 GMT" name="quitDriver" finished-at="2024-06-11T11:52:47 GMT" duration-ms="133" status="PASS">
          <reporter-output>
          </reporter-output>
        </test-method> <!-- quitDriver -->
      </class> <!-- com.pratikbhusari.tests.vendorportal.VendorPortalTest -->
    </test> <!-- user-mike -->
  </suite> <!-- vendor-portal -->
</testng-results>
