<?xml version="1.0" encoding="UTF-8"?>
<testng-results ignored="0" total="20" passed="20" failed="0" skipped="0">
  <reporter-output>
  </reporter-output>
  <suite started-at="2024-06-11T13:33:12 GMT" name="flight-reservation" finished-at="2024-06-11T13:33:35 GMT" duration-ms="23303">
    <groups>
    </groups>
    <test started-at="2024-06-11T13:33:12 GMT" name="passengers-count-2" finished-at="2024-06-11T13:33:30 GMT" duration-ms="18477">
      <class name="com.pratikbhusari.tests.flightreservation.FlightReservationTest">
        <test-method is-config="true" signature="setDriver(org.testng.ITestContext)[pri:0, instance:com.pratikbhusari.tests.flightreservation.FlightReservationTest@6e15fe2]" started-at="2024-06-11T13:33:12 GMT" name="setDriver" finished-at="2024-06-11T13:33:21 GMT" duration-ms="9019" status="PASS">
          <params>
            <param index="0">
              <value>
                <![CDATA[org.testng.TestRunner@6c4980d3]]>
              </value>
            </param>
          </params>
          <reporter-output>
          </reporter-output>
        </test-method> <!-- setDriver -->
        <test-method is-config="true" signature="setParameters(java.lang.String)[pri:0, instance:com.pratikbhusari.tests.flightreservation.FlightReservationTest@6e15fe2]" started-at="2024-06-11T13:33:21 GMT" name="setParameters" finished-at="2024-06-11T13:33:22 GMT" depends-on-methods="com.pratikbhusari.tests.AbstractTest.setDriver" duration-ms="621" status="PASS">
          <params>
            <param index="0">
              <value>
                <![CDATA[test-data/flight-reservation/passenger-2.json]]>
              </value>
            </param>
          </params>
          <reporter-output>
          </reporter-output>
        </test-method> <!-- setParameters -->
        <test-method signature="userRegistrationTest()[pri:0, instance:com.pratikbhusari.tests.flightreservation.FlightReservationTest@6e15fe2]" started-at="2024-06-11T13:33:22 GMT" name="userRegistrationTest" finished-at="2024-06-11T13:33:26 GMT" duration-ms="4525" status="PASS">
          <reporter-output>
          </reporter-output>
        </test-method> <!-- userRegistrationTest -->
        <test-method signature="registrationConfirmationTest()[pri:0, instance:com.pratikbhusari.tests.flightreservation.FlightReservationTest@6e15fe2]" started-at="2024-06-11T13:33:26 GMT" name="registrationConfirmationTest" finished-at="2024-06-11T13:33:27 GMT" depends-on-methods="com.pratikbhusari.tests.flightreservation.FlightReservationTest.userRegistrationTest" duration-ms="1302" status="PASS">
          <reporter-output>
          </reporter-output>
        </test-method> <!-- registrationConfirmationTest -->
        <test-method signature="flightsSearchTest()[pri:0, instance:com.pratikbhusari.tests.flightreservation.FlightReservationTest@6e15fe2]" started-at="2024-06-11T13:33:27 GMT" name="flightsSearchTest" finished-at="2024-06-11T13:33:28 GMT" depends-on-methods="com.pratikbhusari.tests.flightreservation.FlightReservationTest.registrationConfirmationTest" duration-ms="634" status="PASS">
          <reporter-output>
          </reporter-output>
        </test-method> <!-- flightsSearchTest -->
        <test-method signature="flightsSelectionTest()[pri:0, instance:com.pratikbhusari.tests.flightreservation.FlightReservationTest@6e15fe2]" started-at="2024-06-11T13:33:28 GMT" name="flightsSelectionTest" finished-at="2024-06-11T13:33:29 GMT" depends-on-methods="com.pratikbhusari.tests.flightreservation.FlightReservationTest.flightsSearchTest" duration-ms="602" status="PASS">
          <reporter-output>
          </reporter-output>
        </test-method> <!-- flightsSelectionTest -->
        <test-method signature="flightReservationConfirmation()[pri:0, instance:com.pratikbhusari.tests.flightreservation.FlightReservationTest@6e15fe2]" started-at="2024-06-11T13:33:29 GMT" name="flightReservationConfirmation" finished-at="2024-06-11T13:33:29 GMT" depends-on-methods="com.pratikbhusari.tests.flightreservation.FlightReservationTest.flightsSelectionTest" duration-ms="803" status="PASS">
          <reporter-output>
          </reporter-output>
        </test-method> <!-- flightReservationConfirmation -->
        <test-method is-config="true" signature="quitDriver()[pri:0, instance:com.pratikbhusari.tests.flightreservation.FlightReservationTest@6e15fe2]" started-at="2024-06-11T13:33:29 GMT" name="quitDriver" finished-at="2024-06-11T13:33:30 GMT" duration-ms="920" status="PASS">
          <reporter-output>
          </reporter-output>
        </test-method> <!-- quitDriver -->
      </class> <!-- com.pratikbhusari.tests.flightreservation.FlightReservationTest -->
    </test> <!-- passengers-count-2 -->
    <test started-at="2024-06-11T13:33:12 GMT" name="passengers-count-4" finished-at="2024-06-11T13:33:33 GMT" duration-ms="21092">
      <class name="com.pratikbhusari.tests.flightreservation.FlightReservationTest">
        <test-method is-config="true" signature="setupConfig()[pri:0, instance:com.pratikbhusari.tests.flightreservation.FlightReservationTest@3e2059ae]" started-at="2024-06-11T13:33:12 GMT" name="setupConfig" finished-at="2024-06-11T13:33:12 GMT" duration-ms="36" status="PASS">
          <reporter-output>
          </reporter-output>
        </test-method> <!-- setupConfig -->
        <test-method is-config="true" signature="setDriver(org.testng.ITestContext)[pri:0, instance:com.pratikbhusari.tests.flightreservation.FlightReservationTest@3e2059ae]" started-at="2024-06-11T13:33:12 GMT" name="setDriver" finished-at="2024-06-11T13:33:21 GMT" duration-ms="8929" status="PASS">
          <params>
            <param index="0">
              <value>
                <![CDATA[org.testng.TestRunner@74bf1791]]>
              </value>
            </param>
          </params>
          <reporter-output>
          </reporter-output>
        </test-method> <!-- setDriver -->
        <test-method is-config="true" signature="setParameters(java.lang.String)[pri:0, instance:com.pratikbhusari.tests.flightreservation.FlightReservationTest@3e2059ae]" started-at="2024-06-11T13:33:21 GMT" name="setParameters" finished-at="2024-06-11T13:33:22 GMT" depends-on-methods="com.pratikbhusari.tests.AbstractTest.setDriver" duration-ms="697" status="PASS">
          <params>
            <param index="0">
              <value>
                <![CDATA[test-data/flight-reservation/passenger-4.json]]>
              </value>
            </param>
          </params>
          <reporter-output>
          </reporter-output>
        </test-method> <!-- setParameters -->
        <test-method signature="userRegistrationTest()[pri:0, instance:com.pratikbhusari.tests.flightreservation.FlightReservationTest@3e2059ae]" started-at="2024-06-11T13:33:22 GMT" name="userRegistrationTest" finished-at="2024-06-11T13:33:26 GMT" duration-ms="4126" status="PASS">
          <reporter-output>
          </reporter-output>
        </test-method> <!-- userRegistrationTest -->
        <test-method signature="registrationConfirmationTest()[pri:0, instance:com.pratikbhusari.tests.flightreservation.FlightReservationTest@3e2059ae]" started-at="2024-06-11T13:33:26 GMT" name="registrationConfirmationTest" finished-at="2024-06-11T13:33:27 GMT" depends-on-methods="com.pratikbhusari.tests.flightreservation.FlightReservationTest.userRegistrationTest" duration-ms="1344" status="PASS">
          <reporter-output>
          </reporter-output>
        </test-method> <!-- registrationConfirmationTest -->
        <test-method signature="flightsSearchTest()[pri:0, instance:com.pratikbhusari.tests.flightreservation.FlightReservationTest@3e2059ae]" started-at="2024-06-11T13:33:27 GMT" name="flightsSearchTest" finished-at="2024-06-11T13:33:29 GMT" depends-on-methods="com.pratikbhusari.tests.flightreservation.FlightReservationTest.registrationConfirmationTest" duration-ms="1693" status="PASS">
          <reporter-output>
          </reporter-output>
        </test-method> <!-- flightsSearchTest -->
        <test-method signature="flightsSelectionTest()[pri:0, instance:com.pratikbhusari.tests.flightreservation.FlightReservationTest@3e2059ae]" started-at="2024-06-11T13:33:29 GMT" name="flightsSelectionTest" finished-at="2024-06-11T13:33:31 GMT" depends-on-methods="com.pratikbhusari.tests.flightreservation.FlightReservationTest.flightsSearchTest" duration-ms="1759" status="PASS">
          <reporter-output>
          </reporter-output>
        </test-method> <!-- flightsSelectionTest -->
        <test-method signature="flightReservationConfirmation()[pri:0, instance:com.pratikbhusari.tests.flightreservation.FlightReservationTest@3e2059ae]" started-at="2024-06-11T13:33:31 GMT" name="flightReservationConfirmation" finished-at="2024-06-11T13:33:32 GMT" depends-on-methods="com.pratikbhusari.tests.flightreservation.FlightReservationTest.flightsSelectionTest" duration-ms="1755" status="PASS">
          <reporter-output>
          </reporter-output>
        </test-method> <!-- flightReservationConfirmation -->
        <test-method is-config="true" signature="quitDriver()[pri:0, instance:com.pratikbhusari.tests.flightreservation.FlightReservationTest@3e2059ae]" started-at="2024-06-11T13:33:32 GMT" name="quitDriver" finished-at="2024-06-11T13:33:33 GMT" duration-ms="740" status="PASS">
          <reporter-output>
          </reporter-output>
        </test-method> <!-- quitDriver -->
      </class> <!-- com.pratikbhusari.tests.flightreservation.FlightReservationTest -->
    </test> <!-- passengers-count-4 -->
    <test started-at="2024-06-11T13:33:12 GMT" name="passengers-count-3" finished-at="2024-06-11T13:33:34 GMT" duration-ms="22518">
      <class name="com.pratikbhusari.tests.flightreservation.FlightReservationTest">
        <test-method is-config="true" signature="setDriver(org.testng.ITestContext)[pri:0, instance:com.pratikbhusari.tests.flightreservation.FlightReservationTest@1722011b]" started-at="2024-06-11T13:33:12 GMT" name="setDriver" finished-at="2024-06-11T13:33:21 GMT" duration-ms="8950" status="PASS">
          <params>
            <param index="0">
              <value>
                <![CDATA[org.testng.TestRunner@327bcebd]]>
              </value>
            </param>
          </params>
          <reporter-output>
          </reporter-output>
        </test-method> <!-- setDriver -->
        <test-method is-config="true" signature="setParameters(java.lang.String)[pri:0, instance:com.pratikbhusari.tests.flightreservation.FlightReservationTest@1722011b]" started-at="2024-06-11T13:33:21 GMT" name="setParameters" finished-at="2024-06-11T13:33:22 GMT" depends-on-methods="com.pratikbhusari.tests.AbstractTest.setDriver" duration-ms="679" status="PASS">
          <params>
            <param index="0">
              <value>
                <![CDATA[test-data/flight-reservation/passenger-3.json]]>
              </value>
            </param>
          </params>
          <reporter-output>
          </reporter-output>
        </test-method> <!-- setParameters -->
        <test-method signature="userRegistrationTest()[pri:0, instance:com.pratikbhusari.tests.flightreservation.FlightReservationTest@1722011b]" started-at="2024-06-11T13:33:22 GMT" name="userRegistrationTest" finished-at="2024-06-11T13:33:26 GMT" duration-ms="4233" status="PASS">
          <reporter-output>
          </reporter-output>
        </test-method> <!-- userRegistrationTest -->
        <test-method signature="registrationConfirmationTest()[pri:0, instance:com.pratikbhusari.tests.flightreservation.FlightReservationTest@1722011b]" started-at="2024-06-11T13:33:26 GMT" name="registrationConfirmationTest" finished-at="2024-06-11T13:33:27 GMT" depends-on-methods="com.pratikbhusari.tests.flightreservation.FlightReservationTest.userRegistrationTest" duration-ms="809" status="PASS">
          <reporter-output>
          </reporter-output>
        </test-method> <!-- registrationConfirmationTest -->
        <test-method signature="flightsSearchTest()[pri:0, instance:com.pratikbhusari.tests.flightreservation.FlightReservationTest@1722011b]" started-at="2024-06-11T13:33:27 GMT" name="flightsSearchTest" finished-at="2024-06-11T13:33:29 GMT" depends-on-methods="com.pratikbhusari.tests.flightreservation.FlightReservationTest.registrationConfirmationTest" duration-ms="2335" status="PASS">
          <reporter-output>
          </reporter-output>
        </test-method> <!-- flightsSearchTest -->
        <test-method signature="flightsSelectionTest()[pri:0, instance:com.pratikbhusari.tests.flightreservation.FlightReservationTest@1722011b]" started-at="2024-06-11T13:33:29 GMT" name="flightsSelectionTest" finished-at="2024-06-11T13:33:31 GMT" depends-on-methods="com.pratikbhusari.tests.flightreservation.FlightReservationTest.flightsSearchTest" duration-ms="2328" status="PASS">
          <reporter-output>
          </reporter-output>
        </test-method> <!-- flightsSelectionTest -->
        <test-method signature="flightReservationConfirmation()[pri:0, instance:com.pratikbhusari.tests.flightreservation.FlightReservationTest@1722011b]" started-at="2024-06-11T13:33:31 GMT" name="flightReservationConfirmation" finished-at="2024-06-11T13:33:34 GMT" depends-on-methods="com.pratikbhusari.tests.flightreservation.FlightReservationTest.flightsSelectionTest" duration-ms="2285" status="PASS">
          <reporter-output>
          </reporter-output>
        </test-method> <!-- flightReservationConfirmation -->
        <test-method is-config="true" signature="quitDriver()[pri:0, instance:com.pratikbhusari.tests.flightreservation.FlightReservationTest@1722011b]" started-at="2024-06-11T13:33:34 GMT" name="quitDriver" finished-at="2024-06-11T13:33:34 GMT" duration-ms="837" status="PASS">
          <reporter-output>
          </reporter-output>
        </test-method> <!-- quitDriver -->
      </class> <!-- com.pratikbhusari.tests.flightreservation.FlightReservationTest -->
    </test> <!-- passengers-count-3 -->
    <test started-at="2024-06-11T13:33:12 GMT" name="passengers-count-1" finished-at="2024-06-11T13:33:35 GMT" duration-ms="23303">
      <class name="com.pratikbhusari.tests.flightreservation.FlightReservationTest">
        <test-method is-config="true" signature="setDriver(org.testng.ITestContext)[pri:0, instance:com.pratikbhusari.tests.flightreservation.FlightReservationTest@4bf48f6]" started-at="2024-06-11T13:33:12 GMT" name="setDriver" finished-at="2024-06-11T13:33:21 GMT" duration-ms="8946" status="PASS">
          <params>
            <param index="0">
              <value>
                <![CDATA[org.testng.TestRunner@19c65cdc]]>
              </value>
            </param>
          </params>
          <reporter-output>
          </reporter-output>
        </test-method> <!-- setDriver -->
        <test-method is-config="true" signature="setParameters(java.lang.String)[pri:0, instance:com.pratikbhusari.tests.flightreservation.FlightReservationTest@4bf48f6]" started-at="2024-06-11T13:33:21 GMT" name="setParameters" finished-at="2024-06-11T13:33:22 GMT" depends-on-methods="com.pratikbhusari.tests.AbstractTest.setDriver" duration-ms="679" status="PASS">
          <params>
            <param index="0">
              <value>
                <![CDATA[test-data/flight-reservation/passenger-1.json]]>
              </value>
            </param>
          </params>
          <reporter-output>
          </reporter-output>
        </test-method> <!-- setParameters -->
        <test-method signature="userRegistrationTest()[pri:0, instance:com.pratikbhusari.tests.flightreservation.FlightReservationTest@4bf48f6]" started-at="2024-06-11T13:33:22 GMT" name="userRegistrationTest" finished-at="2024-06-11T13:33:26 GMT" duration-ms="4447" status="PASS">
          <reporter-output>
          </reporter-output>
        </test-method> <!-- userRegistrationTest -->
        <test-method signature="registrationConfirmationTest()[pri:0, instance:com.pratikbhusari.tests.flightreservation.FlightReservationTest@4bf48f6]" started-at="2024-06-11T13:33:26 GMT" name="registrationConfirmationTest" finished-at="2024-06-11T13:33:28 GMT" depends-on-methods="com.pratikbhusari.tests.flightreservation.FlightReservationTest.userRegistrationTest" duration-ms="1895" status="PASS">
          <reporter-output>
          </reporter-output>
        </test-method> <!-- registrationConfirmationTest -->
        <test-method signature="flightsSearchTest()[pri:0, instance:com.pratikbhusari.tests.flightreservation.FlightReservationTest@4bf48f6]" started-at="2024-06-11T13:33:28 GMT" name="flightsSearchTest" finished-at="2024-06-11T13:33:29 GMT" depends-on-methods="com.pratikbhusari.tests.flightreservation.FlightReservationTest.registrationConfirmationTest" duration-ms="974" status="PASS">
          <reporter-output>
          </reporter-output>
        </test-method> <!-- flightsSearchTest -->
        <test-method signature="flightsSelectionTest()[pri:0, instance:com.pratikbhusari.tests.flightreservation.FlightReservationTest@4bf48f6]" started-at="2024-06-11T13:33:29 GMT" name="flightsSelectionTest" finished-at="2024-06-11T13:33:32 GMT" depends-on-methods="com.pratikbhusari.tests.flightreservation.FlightReservationTest.flightsSearchTest" duration-ms="2889" status="PASS">
          <reporter-output>
          </reporter-output>
        </test-method> <!-- flightsSelectionTest -->
        <test-method signature="flightReservationConfirmation()[pri:0, instance:com.pratikbhusari.tests.flightreservation.FlightReservationTest@4bf48f6]" started-at="2024-06-11T13:33:32 GMT" name="flightReservationConfirmation" finished-at="2024-06-11T13:33:34 GMT" depends-on-methods="com.pratikbhusari.tests.flightreservation.FlightReservationTest.flightsSelectionTest" duration-ms="2329" status="PASS">
          <reporter-output>
          </reporter-output>
        </test-method> <!-- flightReservationConfirmation -->
        <test-method is-config="true" signature="quitDriver()[pri:0, instance:com.pratikbhusari.tests.flightreservation.FlightReservationTest@4bf48f6]" started-at="2024-06-11T13:33:34 GMT" name="quitDriver" finished-at="2024-06-11T13:33:35 GMT" duration-ms="1062" status="PASS">
          <reporter-output>
          </reporter-output>
        </test-method> <!-- quitDriver -->
      </class> <!-- com.pratikbhusari.tests.flightreservation.FlightReservationTest -->
    </test> <!-- passengers-count-1 -->
  </suite> <!-- flight-reservation -->
</testng-results>
